<?xml version="1.0" encoding="UTF-8"?>
<!-- Generated by org.testng.reporters.JUnitReportReporter -->
<testsuite hostname="shivam-pc" failures="0" tests="3" name="Add_to_cart" time="35.073" errors="0" timestamp="2022-02-24T12:38:28 IST" skipped="0">
  <testcase classname="Add_to_cart" name="CA_TC_05" time="9.356"/>
  <system-out/>
  <testcase classname="Add_to_cart" name="CA_TC_04" time="19.821"/>
  <system-out/>
  <testcase classname="Add_to_cart" name="CA_TC_01_02_03_07" time="5.896"/>
  <system-out/>
</testsuite> <!-- Add_to_cart -->
