<?xml version="1.0" encoding="UTF-8"?>
<!-- Generated by org.testng.reporters.JUnitReportReporter -->
<testsuite hostname="shivam-pc" failures="0" tests="5" name="HomePage" time="13.781" errors="0" timestamp="2022-02-24T12:38:28 IST" skipped="0">
  <testcase classname="HomePage" name="HP_TC_01" time="2.590"/>
  <system-out/>
  <testcase classname="HomePage" name="HP_TC_02" time="9.463"/>
  <system-out/>
  <testcase classname="HomePage" name="HP_TC_03" time="1.570"/>
  <system-out/>
  <testcase classname="HomePage" name="HP_TC_04" time="0.048"/>
  <system-out/>
  <testcase classname="HomePage" name="HP_TC_05" time="0.110"/>
  <system-out/>
</testsuite> <!-- HomePage -->
