<?xml version="1.0" encoding="UTF-8"?>
<!-- Generated by org.testng.reporters.JUnitReportReporter -->
<testsuite hostname="shivam-pc" failures="0" tests="1" name="LogOut" time="12.091" errors="0" timestamp="2022-02-24T12:38:28 IST" skipped="0">
  <testcase classname="LogOut" name="LO_TC_01" time="12.091"/>
  <system-out/>
</testsuite> <!-- LogOut -->
