<?xml version="1.0" encoding="UTF-8"?>
<!-- Generated by org.testng.reporters.JUnitReportReporter -->
<testsuite hostname="shivam-pc" failures="0" tests="2" name="Search" time="5.797" errors="0" timestamp="2022-02-24T12:38:28 IST" skipped="0">
  <testcase classname="Search" name="S_TC_02" time="3.492"/>
  <system-out/>
  <testcase classname="Search" name="S_TC_01" time="2.305"/>
  <system-out/>
</testsuite> <!-- Search -->
