<?xml version="1.0" encoding="UTF-8"?>
<!-- Generated by org.testng.reporters.JUnitReportReporter -->
<testsuite hostname="shivam-pc" failures="0" tests="3" name="Login" time="21.197" errors="0" timestamp="2022-02-24T12:38:28 IST" skipped="0">
  <testcase classname="Login" name="LI_TC_03" time="5.267"/>
  <system-out/>
  <testcase classname="Login" name="LI_TC_01" time="9.183"/>
  <system-out/>
  <testcase classname="Login" name="LI_TC_02" time="6.747"/>
  <system-out/>
</testsuite> <!-- Login -->
